[2026-02-08 01:33:19.940] [INFO] [mpc_sim] SimulationLogger initialized. Log file: logs\simulation_20260208_013319.log
[2026-02-08 01:33:20.358] [INFO] [mpc_sim] k=25 | Constraint: slack_activated | reason=feasibility
[2026-02-08 01:33:20.495] [INFO] [mpc_sim] k=30 | Constraint: slack_activated | reason=feasibility
[2026-02-08 01:33:20.576] [INFO] [mpc_sim] k=35 | Constraint: slack_activated | reason=feasibility
[2026-02-08 01:33:20.700] [INFO] [mpc_sim] k=40 | Constraint: slack_activated | reason=feasibility
[2026-02-08 01:33:20.804] [INFO] [mpc_sim] k=45 | Constraint: slack_activated | reason=feasibility
[2026-02-08 01:33:20.871] [INFO] [mpc_sim] k=50 | Constraint: slack_activated | reason=feasibility
[2026-02-08 01:33:21.002] [INFO] [mpc_sim] k=55 | Constraint: slack_activated | reason=feasibility
[2026-02-08 01:33:21.082] [INFO] [mpc_sim] k=60 | Constraint: slack_activated | reason=feasibility
[2026-02-08 01:33:21.197] [INFO] [mpc_sim] k=65 | Constraint: slack_activated | reason=feasibility
[2026-02-08 01:33:29.710] [INFO] [mpc_sim] k=580 | Constraint: slack_activated | reason=feasibility
[2026-02-08 01:33:29.870] [INFO] [mpc_sim] k=585 | Constraint: slack_activated | reason=feasibility
[2026-02-08 01:33:30.075] [INFO] [mpc_sim] k=590 | Constraint: slack_activated | reason=feasibility
[2026-02-08 01:33:30.169] [INFO] [mpc_sim] k=595 | Constraint: slack_activated | reason=feasibility
[2026-02-08 01:33:31.394] [INFO] [mpc_sim] k=665 | Constraint: slack_activated | reason=feasibility
[2026-02-08 01:33:31.547] [INFO] [mpc_sim] k=670 | Constraint: slack_activated | reason=feasibility
[2026-02-08 01:33:36.945] [INFO] [mpc_sim] Simulation completed | total_entries=2013 | state_updates=999 | control_actions=999 | errors=0 | warnings=0 | session_timestamp=20260208_013319 | max_error_norm=0.9964130926377579 | mean_error_norm=0.1731241989479815 | final_error_norm=0.06503189385396174
[2026-02-08 01:33:36.971] [INFO] [mpc_sim] State history exported to logs\states_20260208_013319.csv
[2026-02-08 01:33:36.979] [INFO] [mpc_sim] Control history exported to logs\controls_20260208_013319.csv
[2026-02-08 01:33:37.178] [INFO] [mpc_sim] Logs exported to logs\simulation_20260208_013319.json
[2026-02-08 01:33:37.179] [INFO] [mpc_sim] Logging session finalized. Summary: {'total_entries': 2013, 'state_updates': 999, 'control_actions': 999, 'errors': 0, 'warnings': 0, 'session_timestamp': '20260208_013319', 'max_error_norm': 0.9964130926377579, 'mean_error_norm': 0.1731241989479815, 'final_error_norm': 0.06503189385396174}
